----------------------------------------------------------------
2018-01-16 11:03:42.369 GMT:
 Booting Derby version The Apache Software Foundation - Apache Derby - 10.5.3.0 - (802917): instance a816c00e-0160-fea3-9799-000005f4a588
on database directory C:\WebWorkspace\JcrDemo3\jackrabbit\version\db  

Database Class Loader started - derby.database.classpath=''
----------------------------------------------------------------
2018-01-16 11:03:42.938 GMT:
 Booting Derby version The Apache Software Foundation - Apache Derby - 10.5.3.0 - (802917): instance 888c4022-0160-fea3-9799-000005f4a588
on database directory C:\WebWorkspace\JcrDemo3\jackrabbit\workspaces\default\db  

Database Class Loader started - derby.database.classpath=''
----------------------------------------------------------------
2018-01-16 11:03:43.564 GMT:
 Booting Derby version The Apache Software Foundation - Apache Derby - 10.5.3.0 - (802917): instance 6965c036-0160-fea3-9799-000005f4a588
on database directory C:\WebWorkspace\JcrDemo3\jackrabbit\workspaces\security\db  

Database Class Loader started - derby.database.classpath=''

2018-01-16 11:03:44.042 GMT:
Shutting down instance 888c4022-0160-fea3-9799-000005f4a588
----------------------------------------------------------------

2018-01-16 11:03:44.228 GMT:
Shutting down instance 6965c036-0160-fea3-9799-000005f4a588
----------------------------------------------------------------

2018-01-16 11:03:44.390 GMT:
Shutting down instance a816c00e-0160-fea3-9799-000005f4a588
----------------------------------------------------------------
